<?xml version="1.0" encoding="UTF-8"?>
<beans xmlns="http://www.springframework.org/schema/beans"
	xmlns:xsi="http://www.w3.org/2001/XMLSchema-instance" xmlns:jdbc="http://www.springframework.org/schema/jdbc"
	xmlns:util="http://www.springframework.org/schema/util" xmlns:context="http://www.springframework.org/schema/context"
	xsi:schemaLocation="http://www.springframework.org/schema/jdbc http://www.springframework.org/schema/jdbc/spring-jdbc-3.0.xsd
		http://www.springframework.org/schema/beans http://www.springframework.org/schema/beans/spring-beans.xsd
		http://www.springframework.org/schema/util http://www.springframework.org/schema/util/spring-util-3.0.xsd
		http://www.springframework.org/schema/context http://www.springframework.org/schema/context/spring-context-3.0.xsd">

	<bean id="listeImport" class="com.servicelibre.corpus.liste.ListeImport">
		<property name="listes" ref="listes" />
		<property name="corpus" ref="corpus" />
		<property name="ligneSplitter" ref="splitter" />
		<property name="simulation" value="false"></property>
		<property name="catégorieImportation" ref="listePartitionnementCatégorie"/>
	</bean>

	<bean id="corpus" class="com.servicelibre.corpus.entity.Corpus">
		<constructor-arg value="corpus-test" />
		<constructor-arg value="Corpus de test"></constructor-arg>
	</bean>

	<util:list id="listes" list-class="java.util.ArrayList"
		value-type="com.servicelibre.corpus.entity.Liste">
		<ref bean="listeTest1" />
		<ref bean="listeTest2" />
	</util:list>
	
	<!-- Listes -->
	<bean id="listeTest1" class="com.servicelibre.corpus.entity.Liste">
		<constructor-arg value="liste-test-1" />
		<constructor-arg value="Liste de test 1" />
		<property name="fichierSource" ref="fichierMots1" />
	</bean>

	<bean id="listeTest2" class="com.servicelibre.corpus.entity.Liste">
		<constructor-arg value="liste-test-2" />
		<constructor-arg value="Liste de test 2" />
		<property name="fichierSource" ref="fichierMots2" />
	</bean>

	<bean id="splitter" class="com.servicelibre.corpus.liste.LigneSimpleSplitter" />


	<!-- Instanciation de File depuis le Classpath -->
	<bean id="fichierMots1Resource" class="org.springframework.core.io.ClassPathResource">
		<constructor-arg value="exemple-liste-mots1.csv" />
	</bean>
	<bean id="fichierMots1"
		class="org.springframework.beans.factory.config.MethodInvokingFactoryBean">
		<property name="targetObject" ref="fichierMots1Resource" />
		<property name="targetMethod" value="getFile" />
	</bean>

	<bean id="fichierMots2Resource" class="org.springframework.core.io.ClassPathResource">
		<constructor-arg value="exemple-liste-mots2.csv" />
	</bean>
	<bean id="fichierMots2"
		class="org.springframework.beans.factory.config.MethodInvokingFactoryBean">
		<property name="targetObject" ref="fichierMots2Resource" />
		<property name="targetMethod" value="getFile" />
	</bean>
	<!--${properties} -->
	<context:property-placeholder />


	<!-- Catégorie de listes -->
	<bean id="listePartitionnementCatégorie" class="com.servicelibre.corpus.entity.CatégorieListe">
		<constructor-arg name="corpus" ref="corpus"/>
		<constructor-arg name="nom" value="Listes"/>
		<constructor-arg name="description" value="Listes partitionnement des mots"/>
	</bean>
	
	<bean id="listeParticularitésCatégorie" class="com.servicelibre.corpus.entity.CatégorieListe">
		<constructor-arg name="corpus" ref="corpus"/>
		<constructor-arg name="nom" value="Particularités"/>
		<constructor-arg name="description" value="Listes de particularités"/>
	</bean>
	
	<bean id="listeThématiquesCatégorie" class="com.servicelibre.corpus.entity.CatégorieListe">
		<constructor-arg name="corpus" ref="corpus"/>
		<constructor-arg name="nom" value="Thèmes"/>
		<constructor-arg name="description" value="Listes thématiques"/>
	</bean>

</beans>
